<?xml version="1.0" encoding="UTF-8"?>
<!-- Generated by org.testng.reporters.JUnitReportReporter -->
<testsuite hostname="Chandini" failures="0" tests="1" name="IETM.DEMO" time="0.007" errors="0" timestamp="2022-10-22T15:26:28 IST" skipped="0">
  <testcase classname="IETM.DEMO" name="ietm" time="0.007"/>
  <system-out/>
</testsuite> <!-- IETM.DEMO -->
