<?xml version="1.0" encoding="UTF-8"?>
<!-- Generated by org.testng.reporters.JUnitReportReporter -->
<testsuite hostname="Chandini" failures="0" tests="7" name="admin_IETM.ManageUserActivity" time="11.742" errors="0" timestamp="2022-12-29T11:11:13 IST" skipped="0">
  <testcase classname="admin_IETM.ManageUserActivity" name="TestID_01" time="5.840"/>
  <system-out>
    <![CDATA[All modules are displayed]]>
  </system-out>
  <testcase classname="admin_IETM.ManageUserActivity" name="TestID_02" time="0.430"/>
  <system-out>
    <![CDATA[User Activity button is able to clickable]]>
  </system-out>
  <testcase classname="admin_IETM.ManageUserActivity" name="TestID_05" time="3.058"/>
  <system-out>
    <![CDATA[prev and next button is clickable]]>
  </system-out>
  <testcase classname="admin_IETM.ManageUserActivity" name="TestID_04" time="0.074"/>
  <system-out>
    <![CDATA[hep dropdown is clickable]]>
  </system-out>
  <testcase classname="admin_IETM.ManageUserActivity" name="TestID_03" time="0.192"/>
  <system-out>
    <![CDATA[modules dropdown is clickable]]>
  </system-out>
  <testcase classname="admin_IETM.ManageUserActivity" name="TestID_06" time="2.147"/>
  <system-out>
    <![CDATA[search text box is able to enter text]]>
  </system-out>
  <testcase classname="admin_IETM.ManageUserActivity" name="TestID_07" time="0.001"/>
  <system-out/>
</testsuite> <!-- admin_IETM.ManageUserActivity -->
