<?xml version="1.0" encoding="UTF-8"?>
<!-- Generated by org.testng.reporters.JUnitReportReporter -->
<testsuite hostname="Chandini" failures="0" tests="8" name="admin_IETM.ManageBookmarks" time="28.941" errors="0" timestamp="2023-01-05T11:48:16 IST" skipped="0">
  <testcase classname="admin_IETM.ManageBookmarks" name="TestID_06" time="2.450"/>
  <system-out>
    <![CDATA[modules and help dropdown are clcikable]]>
  </system-out>
  <testcase classname="admin_IETM.ManageBookmarks" name="TestID_08" time="4.853"/>
  <system-out>
    <![CDATA[fwd and backward navigation is clickable]]>
  </system-out>
  <testcase classname="admin_IETM.ManageBookmarks" name="TestID_03" time="2.447"/>
  <system-out/>
  <testcase classname="admin_IETM.ManageBookmarks" name="TestID_05" time="4.157"/>
  <system-out>
    <![CDATA[search button is clickable]]>
  </system-out>
  <testcase classname="admin_IETM.ManageBookmarks" name="TestID_07" time="2.712"/>
  <system-out>
    <![CDATA[name and link button are clickable]]>
  </system-out>
  <testcase classname="admin_IETM.ManageBookmarks" name="TestID_01" time="8.097"/>
  <system-out>
    <![CDATA[All modules are displayed]]>
  </system-out>
  <testcase classname="admin_IETM.ManageBookmarks" name="TestID_04" time="2.238"/>
  <system-out>
    <![CDATA[prev and next button are clickable]]>
  </system-out>
  <testcase classname="admin_IETM.ManageBookmarks" name="TestID_02" time="1.987"/>
  <system-out>
    <![CDATA[module is clickable]]>
  </system-out>
</testsuite> <!-- admin_IETM.ManageBookmarks -->
