<?xml version="1.0" encoding="UTF-8"?>
<!-- Generated by org.testng.reporters.JUnitReportReporter -->
<testsuite hostname="Chandini" failures="0" tests="18" name="admin_IETM.EditIetm" time="16.354" errors="0" timestamp="2022-12-21T13:18:18 IST" skipped="10">
  <testcase classname="admin_IETM.EditIetm" name="TestID_02" time="0.619"/>
  <system-out>
    <![CDATA[module is clickable]]>
  </system-out>
  <testcase classname="admin_IETM.EditIetm" name="TestID_18" time="1.105"/>
  <system-out>
    <![CDATA[Logout action is accesable]]>
  </system-out>
  <testcase classname="admin_IETM.EditIetm" name="TestID_03" time="2.291"/>
  <system-out>
    <![CDATA[Modules dropdown and modules are clickable]]>
  </system-out>
  <testcase classname="admin_IETM.EditIetm" name="TestID_01" time="3.570"/>
  <system-out>
    <![CDATA[All modules are displayed]]>
  </system-out>
  <testcase classname="admin_IETM.EditIetm" name="TestID_04" time="2.346"/>
  <system-out>
    <![CDATA[help dropdown and menus are clickable]]>
  </system-out>
  <testcase classname="admin_IETM.EditIetm" name="TestID_16" time="1.195"/>
  <system-out>
    <![CDATA[search box is clickable]]>
  </system-out>
  <testcase classname="admin_IETM.EditIetm" name="TestID_14" time="2.622"/>
  <system-out>
    <![CDATA[Add notes is clickable]]>
  </system-out>
  <testcase classname="admin_IETM.EditIetm" name="TestID_15" time="2.606"/>
  <system-out>
    <![CDATA[Feedback to Administrator is clickable]]>
  </system-out>
  <testcase classname="admin_IETM.EditIetm" name="TestID_10">
    <skipped/>
  </testcase> <!-- TestID_10 -->
  <system-out/>
  <testcase classname="admin_IETM.EditIetm" name="TestID_11">
    <skipped/>
  </testcase> <!-- TestID_11 -->
  <system-out/>
  <testcase classname="admin_IETM.EditIetm" name="TestID_12">
    <skipped/>
  </testcase> <!-- TestID_12 -->
  <system-out/>
  <testcase classname="admin_IETM.EditIetm" name="TestID_13">
    <skipped/>
  </testcase> <!-- TestID_13 -->
  <system-out/>
  <testcase classname="admin_IETM.EditIetm" name="TestID_05">
    <skipped/>
  </testcase> <!-- TestID_05 -->
  <system-out/>
  <testcase classname="admin_IETM.EditIetm" name="TestID_17">
    <skipped/>
  </testcase> <!-- TestID_17 -->
  <system-out/>
  <testcase classname="admin_IETM.EditIetm" name="TestID_06">
    <skipped/>
  </testcase> <!-- TestID_06 -->
  <system-out/>
  <testcase classname="admin_IETM.EditIetm" name="TestID_07">
    <skipped/>
  </testcase> <!-- TestID_07 -->
  <system-out/>
  <testcase classname="admin_IETM.EditIetm" name="TestID_08">
    <skipped/>
  </testcase> <!-- TestID_08 -->
  <system-out/>
  <testcase classname="admin_IETM.EditIetm" name="TestID_09">
    <skipped/>
  </testcase> <!-- TestID_09 -->
  <system-out/>
</testsuite> <!-- admin_IETM.EditIetm -->
