<?xml version="1.0" encoding="UTF-8"?>
<!-- Generated by org.testng.reporters.JUnitReportReporter -->
<testsuite hostname="Chandini" failures="0" tests="10" name="superadmin_IETM.securityQue" time="18.138" errors="0" timestamp="2022-12-13T12:58:53 IST" skipped="2">
  <testcase classname="superadmin_IETM.securityQue" name="TestID_03" time="3.477"/>
  <system-out>
    <![CDATA[que 1 and ans 1 text box are clickable]]>
  </system-out>
  <testcase classname="superadmin_IETM.securityQue" name="TestID_09" time="2.165"/>
  <system-out>
    <![CDATA[logout is clickable]]>
  </system-out>
  <testcase classname="superadmin_IETM.securityQue" name="TestID_10" time="0.132"/>
  <system-out>
    <![CDATA[close the browser]]>
  </system-out>
  <testcase classname="superadmin_IETM.securityQue" name="TestID_04" time="3.267"/>
  <system-out>
    <![CDATA[que 2 and ans 2 text box are clickable]]>
  </system-out>
  <testcase classname="superadmin_IETM.securityQue" name="TestID_01" time="4.789"/>
  <system-out>
    <![CDATA[All modules are displayed]]>
  </system-out>
  <testcase classname="superadmin_IETM.securityQue" name="TestID_02" time="0.921"/>
  <system-out>
    <![CDATA[module is clickable]]>
  </system-out>
  <testcase classname="superadmin_IETM.securityQue" name="TestID_07" time="2.172"/>
  <system-out>
    <![CDATA[home button is clickable]]>
  </system-out>
  <testcase classname="superadmin_IETM.securityQue" name="TestID_06" time="1.215"/>
  <system-out>
    <![CDATA[modules and help dropdown are clickable]]>
  </system-out>
  <testcase classname="superadmin_IETM.securityQue" name="TestID_05">
    <skipped/>
  </testcase> <!-- TestID_05 -->
  <system-out/>
  <testcase classname="superadmin_IETM.securityQue" name="TestID_08">
    <skipped/>
  </testcase> <!-- TestID_08 -->
  <system-out/>
</testsuite> <!-- superadmin_IETM.securityQue -->
