<?xml version="1.0" encoding="UTF-8"?>
<!-- Generated by org.testng.reporters.JUnitReportReporter -->
<testsuite hostname="Chandini" failures="0" tests="8" name="superadmin_IETM.managemodules" time="34.793" errors="0" timestamp="2022-11-08T12:02:51 IST" skipped="0">
  <testcase classname="superadmin_IETM.managemodules" name="TestID_07" time="3.838"/>
  <system-out>
    <![CDATA[Backward and forward navigations are clickable]]>
  </system-out>
  <testcase classname="superadmin_IETM.managemodules" name="TestID_03" time="2.278"/>
  <system-out>
    <![CDATA[Modules and help dropdown and show entrie are clickable]]>
  </system-out>
  <testcase classname="superadmin_IETM.managemodules" name="TestID_04" time="1.154"/>
  <system-out>
    <![CDATA[prev and next button are clickable]]>
  </system-out>
  <testcase classname="superadmin_IETM.managemodules" name="TestID_02" time="4.483"/>
  <system-out>
    <![CDATA[Modules and home button clickable]]>
  </system-out>
  <testcase classname="superadmin_IETM.managemodules" name="TestID_06" time="8.772"/>
  <system-out>
    <![CDATA[Add module button fields are clickable]]>
  </system-out>
  <testcase classname="superadmin_IETM.managemodules" name="TestID_08" time="0.112"/>
  <system-out>
    <![CDATA[logout is accessable]]>
  </system-out>
  <testcase classname="superadmin_IETM.managemodules" name="TestID_05" time="10.564"/>
  <system-out>
    <![CDATA[search nd print button are clickable]]>
  </system-out>
  <testcase classname="superadmin_IETM.managemodules" name="TestID_01" time="3.592"/>
  <system-out>
    <![CDATA[All modules are displayed]]>
  </system-out>
</testsuite> <!-- superadmin_IETM.managemodules -->
