<?xml version="1.0" encoding="UTF-8"?>
<!-- Generated by org.testng.reporters.JUnitReportReporter -->
<testsuite hostname="Chandini" failures="0" tests="4" name="superadmin_IETM.Logout" time="11.636" errors="0" timestamp="2022-12-14T12:49:04 IST" skipped="0">
  <testcase classname="superadmin_IETM.Logout" name="TestID_01" time="7.215"/>
  <system-out>
    <![CDATA[All modules are displayed]]>
  </system-out>
  <testcase classname="superadmin_IETM.Logout" name="TestID_03" time="2.151"/>
  <system-out>
    <![CDATA[close button in logout is clickable]]>
  </system-out>
  <testcase classname="superadmin_IETM.Logout" name="TestID_04" time="0.615"/>
  <system-out/>
  <testcase classname="superadmin_IETM.Logout" name="TestID_02" time="1.655"/>
  <system-out>
    <![CDATA[logout and NO button is clickable]]>
  </system-out>
</testsuite> <!-- superadmin_IETM.Logout -->
