<?xml version="1.0" encoding="UTF-8"?>
<!-- Generated by org.testng.reporters.JUnitReportReporter -->
<testsuite hostname="Chandini" failures="0" tests="4" name="superadmin_IETM.ManageUser" time="12.288" errors="0" timestamp="2022-11-11T13:19:38 IST" skipped="0">
  <testcase classname="superadmin_IETM.ManageUser" name="TestID_03" time="1.359"/>
  <system-out>
    <![CDATA[ Help dropdown and content in help are displayed]]>
  </system-out>
  <testcase classname="superadmin_IETM.ManageUser" name="TestID_04" time="1.680"/>
  <system-out>
    <![CDATA[ backward and forward navigation are clickable]]>
  </system-out>
  <testcase classname="superadmin_IETM.ManageUser" name="TestID_01" time="6.433"/>
  <system-out>
    <![CDATA[All modules are displayed]]>
  </system-out>
  <testcase classname="superadmin_IETM.ManageUser" name="TestID_02" time="2.816"/>
  <system-out>
    <![CDATA[ modules dropdown and content in modules are displayed]]>
  </system-out>
</testsuite> <!-- superadmin_IETM.ManageUser -->
