<?xml version="1.0" encoding="UTF-8"?>
<!-- Generated by org.testng.reporters.JUnitReportReporter -->
<testsuite hostname="Chandini" failures="0" tests="5" name="superadmin_IETM.changePassword" time="5.101" errors="0" timestamp="2022-11-11T12:55:45 IST" skipped="3">
  <testcase classname="superadmin_IETM.changePassword" name="TestID_01" time="3.770"/>
  <system-out>
    <![CDATA[All modules are displayed]]>
  </system-out>
  <testcase classname="superadmin_IETM.changePassword" name="TestID_02" time="1.331"/>
  <system-out>
    <![CDATA[all password text boxes are clickable]]>
  </system-out>
  <testcase classname="superadmin_IETM.changePassword" name="TestID_04">
    <skipped/>
  </testcase> <!-- TestID_04 -->
  <system-out/>
  <testcase classname="superadmin_IETM.changePassword" name="TestID_05">
    <skipped/>
  </testcase> <!-- TestID_05 -->
  <system-out/>
  <testcase classname="superadmin_IETM.changePassword" name="TestID_03">
    <skipped/>
  </testcase> <!-- TestID_03 -->
  <system-out/>
</testsuite> <!-- superadmin_IETM.changePassword -->
