<?xml version="1.0" encoding="UTF-8"?>
<!-- Generated by org.testng.reporters.JUnitReportReporter -->
<testsuite hostname="Chandini" failures="0" tests="6" name="superadmin_IETM.fileManager" time="19.238" errors="0" timestamp="2022-11-11T10:12:15 IST" skipped="0">
  <testcase classname="superadmin_IETM.fileManager" name="TestID_06" time="2.939"/>
  <system-out>
    <![CDATA[prev and next buttons clickable]]>
  </system-out>
  <testcase classname="superadmin_IETM.fileManager" name="TestID_02" time="2.940"/>
  <system-out>
    <![CDATA[Add folder is accessable]]>
  </system-out>
  <testcase classname="superadmin_IETM.fileManager" name="TestID_03" time="1.566"/>
  <system-out>
    <![CDATA[Upload file is accessable]]>
  </system-out>
  <testcase classname="superadmin_IETM.fileManager" name="TestID_04" time="1.681"/>
  <system-out>
    <![CDATA[modules and help dropdowns are clickable]]>
  </system-out>
  <testcase classname="superadmin_IETM.fileManager" name="TestID_01" time="8.860"/>
  <system-out>
    <![CDATA[All modules are displayed]]>
  </system-out>
  <testcase classname="superadmin_IETM.fileManager" name="TestID_05" time="1.252"/>
  <system-out>
    <![CDATA[folder names and back one level are clickable]]>
  </system-out>
</testsuite> <!-- superadmin_IETM.fileManager -->
