<?xml version="1.0" encoding="UTF-8"?>
<!-- Generated by org.testng.reporters.JUnitReportReporter -->
<testsuite hostname="Chandini" failures="0" tests="3" name="admin_IETM.testCases" time="7.399" errors="0" timestamp="2022-12-15T11:46:41 IST" skipped="0">
  <testcase classname="admin_IETM.testCases" name="TestID_01" time="4.122"/>
  <system-out>
    <![CDATA[All modules are displayed]]>
  </system-out>
  <testcase classname="admin_IETM.testCases" name="TestID_02" time="0.782"/>
  <system-out>
    <![CDATA[module is clickable]]>
  </system-out>
  <testcase classname="admin_IETM.testCases" name="TestID_03" time="2.495"/>
  <system-out>
    <![CDATA[hi]]>
  </system-out>
</testsuite> <!-- admin_IETM.testCases -->
