<?xml version="1.0" encoding="UTF-8"?>
<!-- Generated by org.testng.reporters.JUnitReportReporter -->
<testsuite hostname="Chandini" failures="0" tests="12" name="admin_IETM.manageUsers" time="18.855" errors="0" timestamp="2022-12-27T13:04:33 IST" skipped="0">
  <testcase classname="admin_IETM.manageUsers" name="TestID_02" time="3.032"/>
  <system-out>
    <![CDATA[modules dropdown is clickable]]>
  </system-out>
  <testcase classname="admin_IETM.manageUsers" name="TestID_12" time="0.644"/>
  <system-out/>
  <testcase classname="admin_IETM.manageUsers" name="TestID_08" time="1.242"/>
  <system-out>
    <![CDATA[ID text box is clickable]]>
  </system-out>
  <testcase classname="admin_IETM.manageUsers" name="TestID_09" time="1.228"/>
  <system-out>
    <![CDATA[Username textbox is clickable]]>
  </system-out>
  <testcase classname="admin_IETM.manageUsers" name="TestID_03" time="0.131"/>
  <system-out>
    <![CDATA[help dropdown is clickable]]>
  </system-out>
  <testcase classname="admin_IETM.manageUsers" name="TestID_04" time="2.216"/>
  <system-out>
    <![CDATA[prev and next button is clickable]]>
  </system-out>
  <testcase classname="admin_IETM.manageUsers" name="TestID_11" time="0.114"/>
  <system-out>
    <![CDATA[add user dailogue box is closed]]>
  </system-out>
  <testcase classname="admin_IETM.manageUsers" name="TestID_10" time="1.209"/>
  <system-out>
    <![CDATA[password textbox is clickable]]>
  </system-out>
  <testcase classname="admin_IETM.manageUsers" name="TestID_01" time="5.455"/>
  <system-out>
    <![CDATA[All modules are displayed]]>
  </system-out>
  <testcase classname="admin_IETM.manageUsers" name="TestID_06" time="1.174"/>
  <system-out>
    <![CDATA[show entries dropdown is clickable]]>
  </system-out>
  <testcase classname="admin_IETM.manageUsers" name="TestID_07" time="0.213"/>
  <system-out>
    <![CDATA[add user button is clickable]]>
  </system-out>
  <testcase classname="admin_IETM.manageUsers" name="TestID_05" time="2.197"/>
  <system-out>
    <![CDATA[search text box is clickable]]>
  </system-out>
</testsuite> <!-- admin_IETM.manageUsers -->
